101
30
111
160
38
0
78
0
0
0
0
132
0
53
0
0
0
0
0
0
0
120
0
323
0
0
0
12
0
58
0
0
0
114
0
42
0
0
0
0
0
0
0
104
67
0
0
0
0
0
0
0
47
0
15
0
0
0
0
12
17
0
0
83
0
0
0
0
0
0
61
0
0
0
0
0
0
0
0
0
0
0
0
0
13
0
0
0
12
496
0
0
268
0
152
0
0
0
0
0
0
0
0
0
482
0
0
72
70
0
0
0
8
0
0
0
72
0
0
113
0
0
225
0
0
1
0
0
0
0
0
0
0
96
0
0
0
0
0
0
0
0
4
27
0
0
0
43
0
0
0
0
0
154
0
26
0
508
0
0
0
122
261
0
40
39
0
0
77
8
0
154
0
0
0
3
0
0
137
0
0
0
0
334
0
53
18
133
7
100
22
0
0
105
284
66
0
0
0
0
17
115
0
396
64
52
0
4
24
179
0
0
10
0
0
0
39
119
0
0
0
0
0
9
80
0
0
0
0
0
105
0
0
45
198
164
74
4
0
133
0
0
0
0
35
0
0
0
3
0
0
54
0
166
0
0
292
0
0
119
0
0
0
0
0
212
39
94
0
22
115
84
6
0
126
0
0
0
0
0
127
0
6
60
0
228
343
165
79
27
14
0
0
0
0
60
0
11
0
0
119
9
0
106
14
29
0
0
0
19
85
190
0
237
0
0
0
0
0
0
0
0
0
0
0
4
0
376
0
0
0
85
0
283
41
0
0
0
0
121
0
295
0
0
175
0
0
0
0
0
49
0
0
0
7
0
0
0
0
0
0
0
0
398
0
46
0
0
0
0
0
14
0
0
0
0
1
0
0
177
123
6
19
0
148
0
101
0
0
0
0
0
24
0
0
202
0
0
0
50
0
0
0
0
0
25
107
0
0
0
0
125
103
131
0
0
9
0
0
0
0
21
115
187
0
4
0
0
0
56
0
242
0
0
142
0
0
29
0
127
69
0
1
5
0
0
307
284
0
0
0
0
19
247
0
0
0
233
3
0
272
0
0
31
0
127
149
0
43
222
195
207
0
0
24
0
177
0
0
0
1
0
13
0
0
0
103
0
23
0
0
0
0
34
0
0
0
229
36
0
0
0
188
0
0
0
0
0
9
0
0
0
0
0
346
80
0
0
159
126
126
97
0
37
0
0
0
0
0
153
0
132
420
0
160
56
1
97
6
0
0
0
0
8
0
0
0
214
0
0
0
228
45
108
42
0
0
0
0
137
17
0
0
87
0
0
0
135
0
0
0
0
374
376
0
0
11
0
0
0
0
215
0
0
0
0
0
0
0
51
490
17
193
2
18
0
0
0
0
190
0
137
0
0
0
0
0
0
302
29
16
41
106
0
166
219
69
63
0
0
34
0
44
0
0
37
0
0
93
90
0
228
0
0
0
101
0
22
79
0
23
0
37
0
56
312
0
0
0
0
0
11
0
0
76
5
0
0
0
239
0
28
0
0
0
0
308
0
9
95
259
0
133
0
0
0
82
124
0
0
2
0
0
0
0
117
0
0
0
0
41
227
0
0
106
0
0
58
46
0
0
0
15
0
0
0
0
78
0
0
0
3
0
0
14
0
78
0
0
39
0
55
0
13
0
18
88
0
0
0
0
0
0
215
0
41
0
0
0
0
0
0
261
0
0
290
0
28
324
0
0
0
0
0
0
0
0
0
168
0
7
40
0
0
37
0
23
88
7
0
0
4
0
85
0
2
35
0
0
0
242
71
24
0
0
53
0
15
68
47
158
0
0
0
131
0
16
0
0
0
0
154
28
0
0
0
219
0
259
0
255
0
33
151
0
112
80
99
0
0
0
0
0
0
0
184
0
52
0
0
51
0
66
0
0
33
137
0
15
0
0
0
0
0
0
0
0
317
52
0
0
53
20
0
174
0
16
143
80
0
0
13
0
0
0
0
0
0
0
0
0
189
80
0
146
0
111
56
110
0
0
0
0
0
0
21
0
0
0
0
0
0
0
213
0
20
221
0
153
351
7
0
1
0
0
0
37
0
119
0
0
409
0
0
10
0
0
0
115
0
0
0
0
179
0
0
0
0
39
0
0
90
0
0
29
0
0
0
0
0
0
0
124
0
0
0
0
0
0
0
0
0
0
85
204
0
0
0
0
0
95
18
0
0
0
0
0
140
0
0
91
0
0
0
0
110
0
0
0
35
0
386
0
0
0
0
0
68
0
0
0
117
13
288
171
14
0
0
0
0
